[0m[[0m[0mdebug[0m] [0m[0m> Exec(;Test/compile; collectAnalyses, None, Some(CommandSource(network-1)))[0m
[0m[[0m[0mdebug[0m] [0m[0munmatched Processing event for requestId None: None[0m
[0m[[0m[0mdebug[0m] [0m[0munmatched Done event for requestId None: None[0m
[0m[[0m[0mdebug[0m] [0m[0m> Exec(Test/compile, None, Some(CommandSource(network-1)))[0m
[0m[[0m[0mdebug[0m] [0m[0munmatched Processing event for requestId None: None[0m
[0m[[0m[0mdebug[0m] [0m[0mEvaluating tasks: Test / compile[0m
[0m[[0m[0mdebug[0m] [0m[0mRunning task... Cancel: Signal, check cycles: false, forcegc: true[0m
[0m[[0m[0mdebug[0m] [0m[0mjsonRpcNotify: JsonRpcNotificationMessage(2.0, build/taskStart, {"taskId":{"id":"7","parents":[]},"eventTime":1703062977763,"message":"Compiling root","dataKind":"compile-task","data":{"target":{"uri":"file:/C:/Projects/OpenCV-Scala/opencv-scala/#root/Compile"}}})[0m
[0m[[0m[0minfo[0m] [0m[0mcompiling 2 Scala sources to C:\Projects\OpenCV-Scala\opencv-scala\target\scala-2.13\classes ...[0m
[0m[[0m[0mdebug[0m] [0m[0mjsonRpcNotify: JsonRpcNotificationMessage(2.0, build/logMessage, {"type":3,"message":"compiling 2 Scala sources to C:\\Projects\\OpenCV-Scala\\opencv-scala\\target\\scala-2.13\\classes ..."})[0m
[0m[[0m[0mdebug[0m] [0m[0mjsonRpcNotify: JsonRpcNotificationMessage(2.0, build/taskProgress, {"taskId":{"id":"7","parents":[]},"eventTime":1703062978446,"message":"Compiling root (5%)","total":52,"progress":5,"dataKind":"compile-progress","data":{"target":{"uri":"file:/C:/Projects/OpenCV-Scala/opencv-scala/#root/Compile"}}})[0m
[0m[[0m[0mdebug[0m] [0m[0mjsonRpcNotify: JsonRpcNotificationMessage(2.0, build/publishDiagnostics, {"textDocument":{"uri":"file:///C:/Projects/OpenCV-Scala/opencv-scala/src/main/scala/GUIApp.scala.scala"},"buildTarget":{"uri":"file:/C:/Projects/OpenCV-Scala/opencv-scala/#root/Compile"},"diagnostics":[{"range":{"start":{"line":7,"character":7},"end":{"line":7,"character":22}},"severity":1,"source":"sbt","message":"not found: object opencv_cookbook","relatedInformation":[]}],"reset":false})[0m
[0m[[0m[31merror[0m] [0m[0mC:\Projects\OpenCV-Scala\opencv-scala\src\main\scala\GUIApp.scala.scala:8:8: not found: object opencv_cookbook[0m
[0m[[0m[31merror[0m] [0m[0mimport opencv_cookbook.OpenCVUtils.toBufferedImage[0m
[0m[[0m[31merror[0m] [0m[0m       ^[0m
[0m[[0m[0mdebug[0m] [0m[0mjsonRpcNotify: JsonRpcNotificationMessage(2.0, build/logMessage, {"type":1,"message":"C:\\Projects\\OpenCV-Scala\\opencv-scala\\src\\main\\scala\\GUIApp.scala.scala:8:8: not found: object opencv_cookbook"})[0m
[0m[[0m[0mdebug[0m] [0m[0mjsonRpcNotify: JsonRpcNotificationMessage(2.0, build/logMessage, {"type":1,"message":"import opencv_cookbook.OpenCVUtils.toBufferedImage"})[0m
[0m[[0m[0mdebug[0m] [0m[0mjsonRpcNotify: JsonRpcNotificationMessage(2.0, build/logMessage, {"type":1,"message":"       ^"})[0m
[0m[[0m[0mdebug[0m] [0m[0mjsonRpcNotify: JsonRpcNotificationMessage(2.0, build/publishDiagnostics, {"textDocument":{"uri":"file:///C:/Projects/OpenCV-Scala/opencv-scala/src/main/scala/GUIApp.scala.scala"},"buildTarget":{"uri":"file:/C:/Projects/OpenCV-Scala/opencv-scala/#root/Compile"},"diagnostics":[{"range":{"start":{"line":16,"character":7},"end":{"line":16,"character":18}},"severity":1,"source":"sbt","message":"object swing is not a member of package scala","relatedInformation":[]}],"reset":false})[0m
[0m[[0m[31merror[0m] [0m[0mC:\Projects\OpenCV-Scala\opencv-scala\src\main\scala\GUIApp.scala.scala:17:14: object swing is not a member of package scala[0m
[0m[[0m[31merror[0m] [0m[0mimport scala.swing.Dialog.Message.Error[0m
[0m[[0m[31merror[0m] [0m[0m             ^[0m
[0m[[0m[0mdebug[0m] [0m[0mjsonRpcNotify: JsonRpcNotificationMessage(2.0, build/logMessage, {"type":1,"message":"C:\\Projects\\OpenCV-Scala\\opencv-scala\\src\\main\\scala\\GUIApp.scala.scala:17:14: object swing is not a member of package scala"})[0m
[0m[[0m[0mdebug[0m] [0m[0mjsonRpcNotify: JsonRpcNotificationMessage(2.0, build/logMessage, {"type":1,"message":"import scala.swing.Dialog.Message.Error"})[0m
[0m[[0m[0mdebug[0m] [0m[0mjsonRpcNotify: JsonRpcNotificationMessage(2.0, build/logMessage, {"type":1,"message":"             ^"})[0m
[0m[[0m[0mdebug[0m] [0m[0mjsonRpcNotify: JsonRpcNotificationMessage(2.0, build/publishDiagnostics, {"textDocument":{"uri":"file:///C:/Projects/OpenCV-Scala/opencv-scala/src/main/scala/GUIApp.scala.scala"},"buildTarget":{"uri":"file:/C:/Projects/OpenCV-Scala/opencv-scala/#root/Compile"},"diagnostics":[{"range":{"start":{"line":17,"character":7},"end":{"line":17,"character":18}},"severity":1,"source":"sbt","message":"object swing is not a member of package scala","relatedInformation":[]}],"reset":false})[0m
[0m[[0m[31merror[0m] [0m[0mC:\Projects\OpenCV-Scala\opencv-scala\src\main\scala\GUIApp.scala.scala:18:14: object swing is not a member of package scala[0m
[0m[[0m[31merror[0m] [0m[0mimport scala.swing.FileChooser.Result.Approve[0m
[0m[[0m[31merror[0m] [0m[0m             ^[0m
[0m[[0m[0mdebug[0m] [0m[0mjsonRpcNotify: JsonRpcNotificationMessage(2.0, build/logMessage, {"type":1,"message":"C:\\Projects\\OpenCV-Scala\\opencv-scala\\src\\main\\scala\\GUIApp.scala.scala:18:14: object swing is not a member of package scala"})[0m
[0m[[0m[0mdebug[0m] [0m[0mjsonRpcNotify: JsonRpcNotificationMessage(2.0, build/logMessage, {"type":1,"message":"import scala.swing.FileChooser.Result.Approve"})[0m
[0m[[0m[0mdebug[0m] [0m[0mjsonRpcNotify: JsonRpcNotificationMessage(2.0, build/logMessage, {"type":1,"message":"             ^"})[0m
[0m[[0m[0mdebug[0m] [0m[0mjsonRpcNotify: JsonRpcNotificationMessage(2.0, build/publishDiagnostics, {"textDocument":{"uri":"file:///C:/Projects/OpenCV-Scala/opencv-scala/src/main/scala/GUIApp.scala.scala"},"buildTarget":{"uri":"file:/C:/Projects/OpenCV-Scala/opencv-scala/#root/Compile"},"diagnostics":[{"range":{"start":{"line":18,"character":7},"end":{"line":18,"character":18}},"severity":1,"source":"sbt","message":"object swing is not a member of package scala","relatedInformation":[]}],"reset":false})[0m
[0m[[0m[31merror[0m] [0m[0mC:\Projects\OpenCV-Scala\opencv-scala\src\main\scala\GUIApp.scala.scala:19:14: object swing is not a member of package scala[0m
[0m[[0m[31merror[0m] [0m[0mimport scala.swing._[0m
[0m[[0m[31merror[0m] [0m[0m             ^[0m
[0m[[0m[0mdebug[0m] [0m[0mjsonRpcNotify: JsonRpcNotificationMessage(2.0, build/logMessage, {"type":1,"message":"C:\\Projects\\OpenCV-Scala\\opencv-scala\\src\\main\\scala\\GUIApp.scala.scala:19:14: object swing is not a member of package scala"})[0m
[0m[[0m[0mdebug[0m] [0m[0mjsonRpcNotify: JsonRpcNotificationMessage(2.0, build/logMessage, {"type":1,"message":"import scala.swing._"})[0m
[0m[[0m[0mdebug[0m] [0m[0mjsonRpcNotify: JsonRpcNotificationMessage(2.0, build/logMessage, {"type":1,"message":"             ^"})[0m
[0m[[0m[0mdebug[0m] [0m[0mjsonRpcNotify: JsonRpcNotificationMessage(2.0, build/publishDiagnostics, {"textDocument":{"uri":"file:///C:/Projects/OpenCV-Scala/opencv-scala/src/main/scala/GUIApp.scala.scala"},"buildTarget":{"uri":"file:/C:/Projects/OpenCV-Scala/opencv-scala/#root/Compile"},"diagnostics":[{"range":{"start":{"line":20,"character":32},"end":{"line":20,"character":32}},"severity":1,"source":"sbt","message":"not found: type SimpleSwingApplication","relatedInformation":[]}],"reset":false})[0m
[0m[[0m[31merror[0m] [0m[0mC:\Projects\OpenCV-Scala\opencv-scala\src\main\scala\GUIApp.scala.scala:21:33: not found: type SimpleSwingApplication[0m
[0m[[0m[31merror[0m] [0m[0mobject Ex2MyFirstGUIApp extends SimpleSwingApplication {[0m
[0m[[0m[31merror[0m] [0m[0m                                ^[0m
[0m[[0m[0mdebug[0m] [0m[0mjsonRpcNotify: JsonRpcNotificationMessage(2.0, build/logMessage, {"type":1,"message":"C:\\Projects\\OpenCV-Scala\\opencv-scala\\src\\main\\scala\\GUIApp.scala.scala:21:33: not found: type SimpleSwingApplication"})[0m
[0m[[0m[0mdebug[0m] [0m[0mjsonRpcNotify: JsonRpcNotificationMessage(2.0, build/logMessage, {"type":1,"message":"object Ex2MyFirstGUIApp extends SimpleSwingApplication {"})[0m
[0m[[0m[0mdebug[0m] [0m[0mjsonRpcNotify: JsonRpcNotificationMessage(2.0, build/logMessage, {"type":1,"message":"                                ^"})[0m
[0m[[0m[0mdebug[0m] [0m[0mjsonRpcNotify: JsonRpcNotificationMessage(2.0, build/publishDiagnostics, {"textDocument":{"uri":"file:///C:/Projects/OpenCV-Scala/opencv-scala/src/main/scala/GUIApp.scala.scala"},"buildTarget":{"uri":"file:/C:/Projects/OpenCV-Scala/opencv-scala/#root/Compile"},"diagnostics":[{"range":{"start":{"line":22,"character":37},"end":{"line":22,"character":48}},"severity":1,"source":"sbt","message":"not found: type FileChooser","relatedInformation":[]}],"reset":false})[0m
[0m[[0m[31merror[0m] [0m[0mC:\Projects\OpenCV-Scala\opencv-scala\src\main\scala\GUIApp.scala.scala:23:38: not found: type FileChooser[0m
[0m[[0m[31merror[0m] [0m[0m  private lazy val fileChooser = new FileChooser(new File("."))[0m
[0m[[0m[31merror[0m] [0m[0m                                     ^[0m
[0m[[0m[0mdebug[0m] [0m[0mjsonRpcNotify: JsonRpcNotificationMessage(2.0, build/logMessage, {"type":1,"message":"C:\\Projects\\OpenCV-Scala\\opencv-scala\\src\\main\\scala\\GUIApp.scala.scala:23:38: not found: type FileChooser"})[0m
[0m[[0m[0mdebug[0m] [0m[0mjsonRpcNotify: JsonRpcNotificationMessage(2.0, build/logMessage, {"type":1,"message":"  private lazy val fileChooser = new FileChooser(new File(\".\"))"})[0m
[0m[[0m[0mdebug[0m] [0m[0mjsonRpcNotify: JsonRpcNotificationMessage(2.0, build/logMessage, {"type":1,"message":"                                     ^"})[0m
[0m[[0m[0mdebug[0m] [0m[0mjsonRpcNotify: JsonRpcNotificationMessage(2.0, build/publishDiagnostics, {"textDocument":{"uri":"file:///C:/Projects/OpenCV-Scala/opencv-scala/src/main/scala/GUIApp.scala.scala"},"buildTarget":{"uri":"file:/C:/Projects/OpenCV-Scala/opencv-scala/#root/Compile"},"diagnostics":[{"range":{"start":{"line":24,"character":11},"end":{"line":24,"character":16}},"severity":1,"source":"sbt","message":"not found: type Frame","relatedInformation":[]}],"reset":false})[0m
[0m[[0m[31merror[0m] [0m[0mC:\Projects\OpenCV-Scala\opencv-scala\src\main\scala\GUIApp.scala.scala:25:12: not found: type Frame[0m
[0m[[0m[31merror[0m] [0m[0m  def top: Frame = new MainFrame {[0m
[0m[[0m[31merror[0m] [0m[0m           ^[0m
[0m[[0m[0mdebug[0m] [0m[0mjsonRpcNotify: JsonRpcNotificationMessage(2.0, build/logMessage, {"type":1,"message":"C:\\Projects\\OpenCV-Scala\\opencv-scala\\src\\main\\scala\\GUIApp.scala.scala:25:12: not found: type Frame"})[0m
[0m[[0m[0mdebug[0m] [0m[0mjsonRpcNotify: JsonRpcNotificationMessage(2.0, build/logMessage, {"type":1,"message":"  def top: Frame = new MainFrame {"})[0m
[0m[[0m[0mdebug[0m] [0m[0mjsonRpcNotify: JsonRpcNotificationMessage(2.0, build/logMessage, {"type":1,"message":"           ^"})[0m
[0m[[0m[0mdebug[0m] [0m[0mjsonRpcNotify: JsonRpcNotificationMessage(2.0, build/publishDiagnostics, {"textDocument":{"uri":"file:///C:/Projects/OpenCV-Scala/opencv-scala/src/main/scala/GUIApp.scala.scala"},"buildTarget":{"uri":"file:/C:/Projects/OpenCV-Scala/opencv-scala/#root/Compile"},"diagnostics":[{"range":{"start":{"line":24,"character":23},"end":{"line":24,"character":23}},"severity":1,"source":"sbt","message":"not found: type MainFrame","relatedInformation":[]}],"reset":false})[0m
[0m[[0m[31merror[0m] [0m[0mC:\Projects\OpenCV-Scala\opencv-scala\src\main\scala\GUIApp.scala.scala:25:24: not found: type MainFrame[0m
[0m[[0m[31merror[0m] [0m[0m  def top: Frame = new MainFrame {[0m
[0m[[0m[31merror[0m] [0m[0m                       ^[0m
[0m[[0m[0mdebug[0m] [0m[0mjsonRpcNotify: JsonRpcNotificationMessage(2.0, build/logMessage, {"type":1,"message":"C:\\Projects\\OpenCV-Scala\\opencv-scala\\src\\main\\scala\\GUIApp.scala.scala:25:24: not found: type MainFrame"})[0m
[0m[[0m[0mdebug[0m] [0m[0mjsonRpcNotify: JsonRpcNotificationMessage(2.0, build/logMessage, {"type":1,"message":"  def top: Frame = new MainFrame {"})[0m
[0m[[0m[0mdebug[0m] [0m[0mjsonRpcNotify: JsonRpcNotificationMessage(2.0, build/logMessage, {"type":1,"message":"                       ^"})[0m
[0m[[0m[0mdebug[0m] [0m[0mjsonRpcNotify: JsonRpcNotificationMessage(2.0, build/publishDiagnostics, {"textDocument":{"uri":"file:///C:/Projects/OpenCV-Scala/opencv-scala/src/main/scala/GUIApp.scala.scala"},"buildTarget":{"uri":"file:/C:/Projects/OpenCV-Scala/opencv-scala/#root/Compile"},"diagnostics":[{"range":{"start":{"line":25,"character":4},"end":{"line":25,"character":9}},"severity":1,"source":"sbt","message":"not found: value title","relatedInformation":[]}],"reset":false})[0m
[0m[[0m[31merror[0m] [0m[0mC:\Projects\OpenCV-Scala\opencv-scala\src\main\scala\GUIApp.scala.scala:26:5: not found: value title[0m
[0m[[0m[31merror[0m] [0m[0m    title = "My First GUI Scala App"[0m
[0m[[0m[31merror[0m] [0m[0m    ^[0m
[0m[[0m[0mdebug[0m] [0m[0mjsonRpcNotify: JsonRpcNotificationMessage(2.0, build/logMessage, {"type":1,"message":"C:\\Projects\\OpenCV-Scala\\opencv-scala\\src\\main\\scala\\GUIApp.scala.scala:26:5: not found: value title"})[0m
[0m[[0m[0mdebug[0m] [0m[0mjsonRpcNotify: JsonRpcNotificationMessage(2.0, build/logMessage, {"type":1,"message":"    title = \"My First GUI Scala App\""})[0m
[0m[[0m[0mdebug[0m] [0m[0mjsonRpcNotify: JsonRpcNotificationMessage(2.0, build/logMessage, {"type":1,"message":"    ^"})[0m
[0m[[0m[0mdebug[0m] [0m[0mjsonRpcNotify: JsonRpcNotificationMessage(2.0, build/publishDiagnostics, {"textDocument":{"uri":"file:///C:/Projects/OpenCV-Scala/opencv-scala/src/main/scala/GUIApp.scala.scala"},"buildTarget":{"uri":"file:/C:/Projects/OpenCV-Scala/opencv-scala/#root/Compile"},"diagnostics":[{"range":{"start":{"line":36,"character":34},"end":{"line":36,"character":40}},"severity":1,"source":"sbt","message":"not found: value Action","relatedInformation":[]}],"reset":false})[0m
[0m[[0m[31merror[0m] [0m[0mC:\Projects\OpenCV-Scala\opencv-scala\src\main\scala\GUIApp.scala.scala:37:35: not found: value Action[0m
[0m[[0m[31merror[0m] [0m[0m    private val openImageAction = Action("Open Image") {[0m
[0m[[0m[31merror[0m] [0m[0m                                  ^[0m
[0m[[0m[0mdebug[0m] [0m[0mjsonRpcNotify: JsonRpcNotificationMessage(2.0, build/logMessage, {"type":1,"message":"C:\\Projects\\OpenCV-Scala\\opencv-scala\\src\\main\\scala\\GUIApp.scala.scala:37:35: not found: value Action"})[0m
[0m[[0m[0mdebug[0m] [0m[0mjsonRpcNotify: JsonRpcNotificationMessage(2.0, build/logMessage, {"type":1,"message":"    private val openImageAction = Action(\"Open Image\") {"})[0m
[0m[[0m[0mdebug[0m] [0m[0mjsonRpcNotify: JsonRpcNotificationMessage(2.0, build/logMessage, {"type":1,"message":"                                  ^"})[0m
[0m[[0m[0mdebug[0m] [0m[0mjsonRpcNotify: JsonRpcNotificationMessage(2.0, build/publishDiagnostics, {"textDocument":{"uri":"file:///C:/Projects/OpenCV-Scala/opencv-scala/src/main/scala/GUIApp.scala.scala"},"buildTarget":{"uri":"file:/C:/Projects/OpenCV-Scala/opencv-scala/#root/Compile"},"diagnostics":[{"range":{"start":{"line":37,"character":6},"end":{"line":37,"character":12}},"severity":1,"source":"sbt","message":"not found: value cursor","relatedInformation":[]}],"reset":false})[0m
[0m[[0m[31merror[0m] [0m[0mC:\Projects\OpenCV-Scala\opencv-scala\src\main\scala\GUIApp.scala.scala:38:7: not found: value cursor[0m
[0m[[0m[31merror[0m] [0m[0m      cursor = getPredefinedCursor(WAIT_CURSOR)[0m
[0m[[0m[31merror[0m] [0m[0m      ^[0m
[0m[[0m[0mdebug[0m] [0m[0mjsonRpcNotify: JsonRpcNotificationMessage(2.0, build/logMessage, {"type":1,"message":"C:\\Projects\\OpenCV-Scala\\opencv-scala\\src\\main\\scala\\GUIApp.scala.scala:38:7: not found: value cursor"})[0m
[0m[[0m[0mdebug[0m] [0m[0mjsonRpcNotify: JsonRpcNotificationMessage(2.0, build/logMessage, {"type":1,"message":"      cursor = getPredefinedCursor(WAIT_CURSOR)"})[0m
[0m[[0m[0mdebug[0m] [0m[0mjsonRpcNotify: JsonRpcNotificationMessage(2.0, build/logMessage, {"type":1,"message":"      ^"})[0m
[0m[[0m[0mdebug[0m] [0m[0mjsonRpcNotify: JsonRpcNotificationMessage(2.0, build/publishDiagnostics, {"textDocument":{"uri":"file:///C:/Projects/OpenCV-Scala/opencv-scala/src/main/scala/GUIApp.scala.scala"},"buildTarget":{"uri":"file:/C:/Projects/OpenCV-Scala/opencv-scala/#root/Compile"},"diagnostics":[{"range":{"start":{"line":42,"character":21},"end":{"line":42,"character":36}},"severity":1,"source":"sbt","message":"not found: value toBufferedImage","relatedInformation":[]}],"reset":false})[0m
[0m[[0m[31merror[0m] [0m[0mC:\Projects\OpenCV-Scala\opencv-scala\src\main\scala\GUIApp.scala.scala:43:22: not found: value toBufferedImage[0m
[0m[[0m[31merror[0m] [0m[0m            val bi = toBufferedImage(mat)[0m
[0m[[0m[31merror[0m] [0m[0m                     ^[0m
[0m[[0m[0mdebug[0m] [0m[0mjsonRpcNotify: JsonRpcNotificationMessage(2.0, build/logMessage, {"type":1,"message":"C:\\Projects\\OpenCV-Scala\\opencv-scala\\src\\main\\scala\\GUIApp.scala.scala:43:22: not found: value toBufferedImage"})[0m
[0m[[0m[0mdebug[0m] [0m[0mjsonRpcNotify: JsonRpcNotificationMessage(2.0, build/logMessage, {"type":1,"message":"            val bi = toBufferedImage(mat)"})[0m
[0m[[0m[0mdebug[0m] [0m[0mjsonRpcNotify: JsonRpcNotificationMessage(2.0, build/logMessage, {"type":1,"message":"                     ^"})[0m
[0m[[0m[0mdebug[0m] [0m[0mjsonRpcNotify: JsonRpcNotificationMessage(2.0, build/publishDiagnostics, {"textDocument":{"uri":"file:///C:/Projects/OpenCV-Scala/opencv-scala/src/main/scala/GUIApp.scala.scala"},"buildTarget":{"uri":"file:/C:/Projects/OpenCV-Scala/opencv-scala/#root/Compile"},"diagnostics":[{"range":{"start":{"line":77,"character":29},"end":{"line":77,"character":34}},"severity":1,"source":"sbt","message":"not found: type Label","relatedInformation":[]}],"reset":false})[0m
[0m[[0m[31merror[0m] [0m[0mC:\Projects\OpenCV-Scala\opencv-scala\src\main\scala\GUIApp.scala.scala:78:30: not found: type Label[0m
[0m[[0m[31merror[0m] [0m[0m    lazy val imageView = new Label[0m
[0m[[0m[31merror[0m] [0m[0m                             ^[0m
[0m[[0m[0mdebug[0m] [0m[0mjsonRpcNotify: JsonRpcNotificationMessage(2.0, build/logMessage, {"type":1,"message":"C:\\Projects\\OpenCV-Scala\\opencv-scala\\src\\main\\scala\\GUIApp.scala.scala:78:30: not found: type Label"})[0m
[0m[[0m[0mdebug[0m] [0m[0mjsonRpcNotify: JsonRpcNotificationMessage(2.0, build/logMessage, {"type":1,"message":"    lazy val imageView = new Label"})[0m
[0m[[0m[0mdebug[0m] [0m[0mjsonRpcNotify: JsonRpcNotificationMessage(2.0, build/logMessage, {"type":1,"message":"                             ^"})[0m
[0m[[0m[0mdebug[0m] [0m[0mjsonRpcNotify: JsonRpcNotificationMessage(2.0, build/publishDiagnostics, {"textDocument":{"uri":"file:///C:/Projects/OpenCV-Scala/opencv-scala/src/main/scala/GUIApp.scala.scala"},"buildTarget":{"uri":"file:/C:/Projects/OpenCV-Scala/opencv-scala/#root/Compile"},"diagnostics":[{"range":{"start":{"line":54,"character":37},"end":{"line":54,"character":43}},"severity":1,"source":"sbt","message":"not found: value Action","relatedInformation":[]}],"reset":false})[0m
[0m[[0m[31merror[0m] [0m[0mC:\Projects\OpenCV-Scala\opencv-scala\src\main\scala\GUIApp.scala.scala:55:38: not found: value Action[0m
[0m[[0m[31merror[0m] [0m[0m    private lazy val processAction = Action("Process") {[0m
[0m[[0m[31merror[0m] [0m[0m                                     ^[0m
[0m[[0m[0mdebug[0m] [0m[0mjsonRpcNotify: JsonRpcNotificationMessage(2.0, build/logMessage, {"type":1,"message":"C:\\Projects\\OpenCV-Scala\\opencv-scala\\src\\main\\scala\\GUIApp.scala.scala:55:38: not found: value Action"})[0m
[0m[[0m[0mdebug[0m] [0m[0mjsonRpcNotify: JsonRpcNotificationMessage(2.0, build/logMessage, {"type":1,"message":"    private lazy val processAction = Action(\"Process\") {"})[0m
[0m[[0m[0mdebug[0m] [0m[0mjsonRpcNotify: JsonRpcNotificationMessage(2.0, build/logMessage, {"type":1,"message":"                                     ^"})[0m
[0m[[0m[0mdebug[0m] [0m[0mjsonRpcNotify: JsonRpcNotificationMessage(2.0, build/publishDiagnostics, {"textDocument":{"uri":"file:///C:/Projects/OpenCV-Scala/opencv-scala/src/main/scala/GUIApp.scala.scala"},"buildTarget":{"uri":"file:/C:/Projects/OpenCV-Scala/opencv-scala/#root/Compile"},"diagnostics":[{"range":{"start":{"line":55,"character":6},"end":{"line":55,"character":12}},"severity":1,"source":"sbt","message":"not found: value cursor","relatedInformation":[]}],"reset":false})[0m
[0m[[0m[31merror[0m] [0m[0mC:\Projects\OpenCV-Scala\opencv-scala\src\main\scala\GUIApp.scala.scala:56:7: not found: value cursor[0m
[0m[[0m[31merror[0m] [0m[0m      cursor = getPredefinedCursor(WAIT_CURSOR)[0m
[0m[[0m[31merror[0m] [0m[0m      ^[0m
[0m[[0m[0mdebug[0m] [0m[0mjsonRpcNotify: JsonRpcNotificationMessage(2.0, build/logMessage, {"type":1,"message":"C:\\Projects\\OpenCV-Scala\\opencv-scala\\src\\main\\scala\\GUIApp.scala.scala:56:7: not found: value cursor"})[0m
[0m[[0m[0mdebug[0m] [0m[0mjsonRpcNotify: JsonRpcNotificationMessage(2.0, build/logMessage, {"type":1,"message":"      cursor = getPredefinedCursor(WAIT_CURSOR)"})[0m
[0m[[0m[0mdebug[0m] [0m[0mjsonRpcNotify: JsonRpcNotificationMessage(2.0, build/logMessage, {"type":1,"message":"      ^"})[0m
[0m[[0m[0mdebug[0m] [0m[0mjsonRpcNotify: JsonRpcNotificationMessage(2.0, build/publishDiagnostics, {"textDocument":{"uri":"file:///C:/Projects/OpenCV-Scala/opencv-scala/src/main/scala/GUIApp.scala.scala"},"buildTarget":{"uri":"file:/C:/Projects/OpenCV-Scala/opencv-scala/#root/Compile"},"diagnostics":[{"range":{"start":{"line":61,"character":21},"end":{"line":61,"character":36}},"severity":1,"source":"sbt","message":"not found: value toBufferedImage","relatedInformation":[]}],"reset":false})[0m
[0m[[0m[31merror[0m] [0m[0mC:\Projects\OpenCV-Scala\opencv-scala\src\main\scala\GUIApp.scala.scala:62:22: not found: value toBufferedImage[0m
[0m[[0m[31merror[0m] [0m[0m            val bi = toBufferedImage(mat)[0m
[0m[[0m[31merror[0m] [0m[0m                     ^[0m
[0m[[0m[0mdebug[0m] [0m[0mjsonRpcNotify: JsonRpcNotificationMessage(2.0, build/logMessage, {"type":1,"message":"C:\\Projects\\OpenCV-Scala\\opencv-scala\\src\\main\\scala\\GUIApp.scala.scala:62:22: not found: value toBufferedImage"})[0m
[0m[[0m[0mdebug[0m] [0m[0mjsonRpcNotify: JsonRpcNotificationMessage(2.0, build/logMessage, {"type":1,"message":"            val bi = toBufferedImage(mat)"})[0m
[0m[[0m[0mdebug[0m] [0m[0mjsonRpcNotify: JsonRpcNotificationMessage(2.0, build/logMessage, {"type":1,"message":"                     ^"})[0m
[0m[[0m[0mdebug[0m] [0m[0mjsonRpcNotify: JsonRpcNotificationMessage(2.0, build/publishDiagnostics, {"textDocument":{"uri":"file:///C:/Projects/OpenCV-Scala/opencv-scala/src/main/scala/GUIApp.scala.scala"},"buildTarget":{"uri":"file:/C:/Projects/OpenCV-Scala/opencv-scala/#root/Compile"},"diagnostics":[{"range":{"start":{"line":64,"character":12},"end":{"line":64,"character":18}},"severity":1,"source":"sbt","message":"not found: value Dialog","relatedInformation":[]}],"reset":false})[0m
[0m[[0m[31merror[0m] [0m[0mC:\Projects\OpenCV-Scala\opencv-scala\src\main\scala\GUIApp.scala.scala:65:13: not found: value Dialog[0m
[0m[[0m[31merror[0m] [0m[0m            Dialog.showMessage(null, "Image not opened", title, Error)[0m
[0m[[0m[31merror[0m] [0m[0m            ^[0m
[0m[[0m[0mdebug[0m] [0m[0mjsonRpcNotify: JsonRpcNotificationMessage(2.0, build/logMessage, {"type":1,"message":"C:\\Projects\\OpenCV-Scala\\opencv-scala\\src\\main\\scala\\GUIApp.scala.scala:65:13: not found: value Dialog"})[0m
[0m[[0m[0mdebug[0m] [0m[0mjsonRpcNotify: JsonRpcNotificationMessage(2.0, build/logMessage, {"type":1,"message":"            Dialog.showMessage(null, \"Image not opened\", title, Error)"})[0m
[0m[[0m[0mdebug[0m] [0m[0mjsonRpcNotify: JsonRpcNotificationMessage(2.0, build/logMessage, {"type":1,"message":"            ^"})[0m
[0m[[0m[0mdebug[0m] [0m[0mjsonRpcNotify: JsonRpcNotificationMessage(2.0, build/publishDiagnostics, {"textDocument":{"uri":"file:///C:/Projects/OpenCV-Scala/opencv-scala/src/main/scala/GUIApp.scala.scala"},"buildTarget":{"uri":"file:/C:/Projects/OpenCV-Scala/opencv-scala/#root/Compile"},"diagnostics":[{"range":{"start":{"line":64,"character":57},"end":{"line":64,"character":62}},"severity":1,"source":"sbt","message":"not found: value title","relatedInformation":[]}],"reset":false})[0m
[0m[[0m[31merror[0m] [0m[0mC:\Projects\OpenCV-Scala\opencv-scala\src\main\scala\GUIApp.scala.scala:65:58: not found: value title[0m
[0m[[0m[31merror[0m] [0m[0m            Dialog.showMessage(null, "Image not opened", title, Error)[0m
[0m[[0m[31merror[0m] [0m[0m                                                         ^[0m
[0m[[0m[0mdebug[0m] [0m[0mjsonRpcNotify: JsonRpcNotificationMessage(2.0, build/logMessage, {"type":1,"message":"C:\\Projects\\OpenCV-Scala\\opencv-scala\\src\\main\\scala\\GUIApp.scala.scala:65:58: not found: value title"})[0m
[0m[[0m[0mdebug[0m] [0m[0mjsonRpcNotify: JsonRpcNotificationMessage(2.0, build/logMessage, {"type":1,"message":"            Dialog.showMessage(null, \"Image not opened\", title, Error)"})[0m
[0m[[0m[0mdebug[0m] [0m[0mjsonRpcNotify: JsonRpcNotificationMessage(2.0, build/logMessage, {"type":1,"message":"                                                         ^"})[0m
[0m[[0m[0mdebug[0m] [0m[0mjsonRpcNotify: JsonRpcNotificationMessage(2.0, build/publishDiagnostics, {"textDocument":{"uri":"file:///C:/Projects/OpenCV-Scala/opencv-scala/src/main/scala/GUIApp.scala.scala"},"buildTarget":{"uri":"file:/C:/Projects/OpenCV-Scala/opencv-scala/#root/Compile"},"diagnostics":[{"range":{"start":{"line":64,"character":64},"end":{"line":64,"character":69}},"severity":1,"source":"sbt","message":"class java.lang.Error is not a value","relatedInformation":[]}],"reset":false})[0m
[0m[[0m[31merror[0m] [0m[0mC:\Projects\OpenCV-Scala\opencv-scala\src\main\scala\GUIApp.scala.scala:65:65: class java.lang.Error is not a value[0m
[0m[[0m[31merror[0m] [0m[0m            Dialog.showMessage(null, "Image not opened", title, Error)[0m
[0m[[0m[31merror[0m] [0m[0m                                                                ^[0m
[0m[[0m[0mdebug[0m] [0m[0mjsonRpcNotify: JsonRpcNotificationMessage(2.0, build/logMessage, {"type":1,"message":"C:\\Projects\\OpenCV-Scala\\opencv-scala\\src\\main\\scala\\GUIApp.scala.scala:65:65: class java.lang.Error is not a value"})[0m
[0m[[0m[0mdebug[0m] [0m[0mjsonRpcNotify: JsonRpcNotificationMessage(2.0, build/logMessage, {"type":1,"message":"            Dialog.showMessage(null, \"Image not opened\", title, Error)"})[0m
[0m[[0m[0mdebug[0m] [0m[0mjsonRpcNotify: JsonRpcNotificationMessage(2.0, build/logMessage, {"type":1,"message":"                                                                ^"})[0m
[0m[[0m[0mdebug[0m] [0m[0mjsonRpcNotify: JsonRpcNotificationMessage(2.0, build/publishDiagnostics, {"textDocument":{"uri":"file:///C:/Projects/OpenCV-Scala/opencv-scala/src/main/scala/GUIApp.scala.scala"},"buildTarget":{"uri":"file:/C:/Projects/OpenCV-Scala/opencv-scala/#root/Compile"},"diagnostics":[{"range":{"start":{"line":67,"character":8},"end":{"line":67,"character":14}},"severity":1,"source":"sbt","message":"not found: value cursor","relatedInformation":[]}],"reset":false})[0m
[0m[[0m[31merror[0m] [0m[0mC:\Projects\OpenCV-Scala\opencv-scala\src\main\scala\GUIApp.scala.scala:68:9: not found: value cursor[0m
[0m[[0m[31merror[0m] [0m[0m        cursor = getPredefinedCursor(DEFAULT_CURSOR)[0m
[0m[[0m[31merror[0m] [0m[0m        ^[0m
[0m[[0m[0mdebug[0m] [0m[0mjsonRpcNotify: JsonRpcNotificationMessage(2.0, build/logMessage, {"type":1,"message":"C:\\Projects\\OpenCV-Scala\\opencv-scala\\src\\main\\scala\\GUIApp.scala.scala:68:9: not found: value cursor"})[0m
[0m[[0m[0mdebug[0m] [0m[0mjsonRpcNotify: JsonRpcNotificationMessage(2.0, build/logMessage, {"type":1,"message":"        cursor = getPredefinedCursor(DEFAULT_CURSOR)"})[0m
[0m[[0m[0mdebug[0m] [0m[0mjsonRpcNotify: JsonRpcNotificationMessage(2.0, build/logMessage, {"type":1,"message":"        ^"})[0m
[0m[[0m[0mdebug[0m] [0m[0mjsonRpcNotify: JsonRpcNotificationMessage(2.0, build/publishDiagnostics, {"textDocument":{"uri":"file:///C:/Projects/OpenCV-Scala/opencv-scala/src/main/scala/GUIApp.scala.scala"},"buildTarget":{"uri":"file:/C:/Projects/OpenCV-Scala/opencv-scala/#root/Compile"},"diagnostics":[{"range":{"start":{"line":49,"character":8},"end":{"line":49,"character":14}},"severity":1,"source":"sbt","message":"not found: value cursor","relatedInformation":[]}],"reset":false})[0m
[0m[[0m[31merror[0m] [0m[0mC:\Projects\OpenCV-Scala\opencv-scala\src\main\scala\GUIApp.scala.scala:50:9: not found: value cursor[0m
[0m[[0m[31merror[0m] [0m[0m        cursor = getPredefinedCursor(DEFAULT_CURSOR)[0m
[0m[[0m[31merror[0m] [0m[0m        ^[0m
[0m[[0m[0mdebug[0m] [0m[0mjsonRpcNotify: JsonRpcNotificationMessage(2.0, build/logMessage, {"type":1,"message":"C:\\Projects\\OpenCV-Scala\\opencv-scala\\src\\main\\scala\\GUIApp.scala.scala:50:9: not found: value cursor"})[0m
[0m[[0m[0mdebug[0m] [0m[0mjsonRpcNotify: JsonRpcNotificationMessage(2.0, build/logMessage, {"type":1,"message":"        cursor = getPredefinedCursor(DEFAULT_CURSOR)"})[0m
[0m[[0m[0mdebug[0m] [0m[0mjsonRpcNotify: JsonRpcNotificationMessage(2.0, build/logMessage, {"type":1,"message":"        ^"})[0m
[0m[[0m[0mdebug[0m] [0m[0mjsonRpcNotify: JsonRpcNotificationMessage(2.0, build/publishDiagnostics, {"textDocument":{"uri":"file:///C:/Projects/OpenCV-Scala/opencv-scala/src/main/scala/GUIApp.scala.scala"},"buildTarget":{"uri":"file:/C:/Projects/OpenCV-Scala/opencv-scala/#root/Compile"},"diagnostics":[{"range":{"start":{"line":80,"character":35},"end":{"line":80,"character":35}},"severity":1,"source":"sbt","message":"not found: type GridPanel","relatedInformation":[]}],"reset":false})[0m
[0m[[0m[31merror[0m] [0m[0mC:\Projects\OpenCV-Scala\opencv-scala\src\main\scala\GUIApp.scala.scala:81:36: not found: type GridPanel[0m
[0m[[0m[31merror[0m] [0m[0m    private val buttonsPanel = new GridPanel(rows0 = 0, cols0 = 1) {[0m
[0m[[0m[31merror[0m] [0m[0m                                   ^[0m
[0m[[0m[0mdebug[0m] [0m[0mjsonRpcNotify: JsonRpcNotificationMessage(2.0, build/logMessage, {"type":1,"message":"C:\\Projects\\OpenCV-Scala\\opencv-scala\\src\\main\\scala\\GUIApp.scala.scala:81:36: not found: type GridPanel"})[0m
[0m[[0m[0mdebug[0m] [0m[0mjsonRpcNotify: JsonRpcNotificationMessage(2.0, build/logMessage, {"type":1,"message":"    private val buttonsPanel = new GridPanel(rows0 = 0, cols0 = 1) {"})[0m
[0m[[0m[0mdebug[0m] [0m[0mjsonRpcNotify: JsonRpcNotificationMessage(2.0, build/logMessage, {"type":1,"message":"                                   ^"})[0m
[0m[[0m[0mdebug[0m] [0m[0mjsonRpcNotify: JsonRpcNotificationMessage(2.0, build/publishDiagnostics, {"textDocument":{"uri":"file:///C:/Projects/OpenCV-Scala/opencv-scala/src/main/scala/GUIApp.scala.scala"},"buildTarget":{"uri":"file:/C:/Projects/OpenCV-Scala/opencv-scala/#root/Compile"},"diagnostics":[{"range":{"start":{"line":81,"character":6},"end":{"line":81,"character":14}},"severity":1,"source":"sbt","message":"not found: value contents","relatedInformation":[]}],"reset":false})[0m
[0m[[0m[31merror[0m] [0m[0mC:\Projects\OpenCV-Scala\opencv-scala\src\main\scala\GUIApp.scala.scala:82:7: not found: value contents[0m
[0m[[0m[31merror[0m] [0m[0m      contents += new Button(openImageAction)[0m
[0m[[0m[31merror[0m] [0m[0m      ^[0m
[0m[[0m[0mdebug[0m] [0m[0mjsonRpcNotify: JsonRpcNotificationMessage(2.0, build/logMessage, {"type":1,"message":"C:\\Projects\\OpenCV-Scala\\opencv-scala\\src\\main\\scala\\GUIApp.scala.scala:82:7: not found: value contents"})[0m
[0m[[0m[0mdebug[0m] [0m[0mjsonRpcNotify: JsonRpcNotificationMessage(2.0, build/logMessage, {"type":1,"message":"      contents += new Button(openImageAction)"})[0m
[0m[[0m[0mdebug[0m] [0m[0mjsonRpcNotify: JsonRpcNotificationMessage(2.0, build/logMessage, {"type":1,"message":"      ^"})[0m
[0m[[0m[0mdebug[0m] [0m[0mjsonRpcNotify: JsonRpcNotificationMessage(2.0, build/publishDiagnostics, {"textDocument":{"uri":"file:///C:/Projects/OpenCV-Scala/opencv-scala/src/main/scala/GUIApp.scala.scala"},"buildTarget":{"uri":"file:/C:/Projects/OpenCV-Scala/opencv-scala/#root/Compile"},"diagnostics":[{"range":{"start":{"line":81,"character":22},"end":{"line":81,"character":28}},"severity":1,"source":"sbt","message":"not found: type Button","relatedInformation":[]}],"reset":false})[0m
[0m[[0m[31merror[0m] [0m[0mC:\Projects\OpenCV-Scala\opencv-scala\src\main\scala\GUIApp.scala.scala:82:23: not found: type Button[0m
[0m[[0m[31merror[0m] [0m[0m      contents += new Button(openImageAction)[0m
[0m[[0m[31merror[0m] [0m[0m                      ^[0m
[0m[[0m[0mdebug[0m] [0m[0mjsonRpcNotify: JsonRpcNotificationMessage(2.0, build/logMessage, {"type":1,"message":"C:\\Projects\\OpenCV-Scala\\opencv-scala\\src\\main\\scala\\GUIApp.scala.scala:82:23: not found: type Button"})[0m
[0m[[0m[0mdebug[0m] [0m[0mjsonRpcNotify: JsonRpcNotificationMessage(2.0, build/logMessage, {"type":1,"message":"      contents += new Button(openImageAction)"})[0m
[0m[[0m[0mdebug[0m] [0m[0mjsonRpcNotify: JsonRpcNotificationMessage(2.0, build/logMessage, {"type":1,"message":"                      ^"})[0m
[0m[[0m[0mdebug[0m] [0m[0mjsonRpcNotify: JsonRpcNotificationMessage(2.0, build/publishDiagnostics, {"textDocument":{"uri":"file:///C:/Projects/OpenCV-Scala/opencv-scala/src/main/scala/GUIApp.scala.scala"},"buildTarget":{"uri":"file:/C:/Projects/OpenCV-Scala/opencv-scala/#root/Compile"},"diagnostics":[{"range":{"start":{"line":82,"character":6},"end":{"line":82,"character":14}},"severity":1,"source":"sbt","message":"not found: value contents","relatedInformation":[]}],"reset":false})[0m
[0m[[0m[31merror[0m] [0m[0mC:\Projects\OpenCV-Scala\opencv-scala\src\main\scala\GUIApp.scala.scala:83:7: not found: value contents[0m
[0m[[0m[31merror[0m] [0m[0m      contents += new Button(processAction)[0m
[0m[[0m[31merror[0m] [0m[0m      ^[0m
[0m[[0m[0mdebug[0m] [0m[0mjsonRpcNotify: JsonRpcNotificationMessage(2.0, build/logMessage, {"type":1,"message":"C:\\Projects\\OpenCV-Scala\\opencv-scala\\src\\main\\scala\\GUIApp.scala.scala:83:7: not found: value contents"})[0m
[0m[[0m[0mdebug[0m] [0m[0mjsonRpcNotify: JsonRpcNotificationMessage(2.0, build/logMessage, {"type":1,"message":"      contents += new Button(processAction)"})[0m
[0m[[0m[0mdebug[0m] [0m[0mjsonRpcNotify: JsonRpcNotificationMessage(2.0, build/logMessage, {"type":1,"message":"      ^"})[0m
[0m[[0m[0mdebug[0m] [0m[0mjsonRpcNotify: JsonRpcNotificationMessage(2.0, build/publishDiagnostics, {"textDocument":{"uri":"file:///C:/Projects/OpenCV-Scala/opencv-scala/src/main/scala/GUIApp.scala.scala"},"buildTarget":{"uri":"file:/C:/Projects/OpenCV-Scala/opencv-scala/#root/Compile"},"diagnostics":[{"range":{"start":{"line":82,"character":22},"end":{"line":82,"character":28}},"severity":1,"source":"sbt","message":"not found: type Button","relatedInformation":[]}],"reset":false})[0m
[0m[[0m[31merror[0m] [0m[0mC:\Projects\OpenCV-Scala\opencv-scala\src\main\scala\GUIApp.scala.scala:83:23: not found: type Button[0m
[0m[[0m[31merror[0m] [0m[0m      contents += new Button(processAction)[0m
[0m[[0m[31merror[0m] [0m[0m                      ^[0m
[0m[[0m[0mdebug[0m] [0m[0mjsonRpcNotify: JsonRpcNotificationMessage(2.0, build/logMessage, {"type":1,"message":"C:\\Projects\\OpenCV-Scala\\opencv-scala\\src\\main\\scala\\GUIApp.scala.scala:83:23: not found: type Button"})[0m
[0m[[0m[0mdebug[0m] [0m[0mjsonRpcNotify: JsonRpcNotificationMessage(2.0, build/logMessage, {"type":1,"message":"      contents += new Button(processAction)"})[0m
[0m[[0m[0mdebug[0m] [0m[0mjsonRpcNotify: JsonRpcNotificationMessage(2.0, build/logMessage, {"type":1,"message":"                      ^"})[0m
[0m[[0m[0mdebug[0m] [0m[0mjsonRpcNotify: JsonRpcNotificationMessage(2.0, build/publishDiagnostics, {"textDocument":{"uri":"file:///C:/Projects/OpenCV-Scala/opencv-scala/src/main/scala/GUIApp.scala.scala"},"buildTarget":{"uri":"file:/C:/Projects/OpenCV-Scala/opencv-scala/#root/Compile"},"diagnostics":[{"range":{"start":{"line":83,"character":6},"end":{"line":83,"character":10}},"severity":1,"source":"sbt","message":"not found: value vGap","relatedInformation":[]}],"reset":false})[0m
[0m[[0m[31merror[0m] [0m[0mC:\Projects\OpenCV-Scala\opencv-scala\src\main\scala\GUIApp.scala.scala:84:7: not found: value vGap[0m
[0m[[0m[31merror[0m] [0m[0m      vGap = 5[0m
[0m[[0m[31merror[0m] [0m[0m      ^[0m
[0m[[0m[0mdebug[0m] [0m[0mjsonRpcNotify: JsonRpcNotificationMessage(2.0, build/logMessage, {"type":1,"message":"C:\\Projects\\OpenCV-Scala\\opencv-scala\\src\\main\\scala\\GUIApp.scala.scala:84:7: not found: value vGap"})[0m
[0m[[0m[0mdebug[0m] [0m[0mjsonRpcNotify: JsonRpcNotificationMessage(2.0, build/logMessage, {"type":1,"message":"      vGap = 5"})[0m
[0m[[0m[0mdebug[0m] [0m[0mjsonRpcNotify: JsonRpcNotificationMessage(2.0, build/logMessage, {"type":1,"message":"      ^"})[0m
[0m[[0m[0mdebug[0m] [0m[0mjsonRpcNotify: JsonRpcNotificationMessage(2.0, build/publishDiagnostics, {"textDocument":{"uri":"file:///C:/Projects/OpenCV-Scala/opencv-scala/src/main/scala/GUIApp.scala.scala"},"buildTarget":{"uri":"file:/C:/Projects/OpenCV-Scala/opencv-scala/#root/Compile"},"diagnostics":[{"range":{"start":{"line":87,"character":4},"end":{"line":87,"character":12}},"severity":1,"source":"sbt","message":"not found: value contents","relatedInformation":[]}],"reset":false})[0m
[0m[[0m[31merror[0m] [0m[0mC:\Projects\OpenCV-Scala\opencv-scala\src\main\scala\GUIApp.scala.scala:88:5: not found: value contents[0m
[0m[[0m[31merror[0m] [0m[0m    contents = new BorderPanel() {[0m
[0m[[0m[31merror[0m] [0m[0m    ^[0m
[0m[[0m[0mdebug[0m] [0m[0mjsonRpcNotify: JsonRpcNotificationMessage(2.0, build/logMessage, {"type":1,"message":"C:\\Projects\\OpenCV-Scala\\opencv-scala\\src\\main\\scala\\GUIApp.scala.scala:88:5: not found: value contents"})[0m
[0m[[0m[0mdebug[0m] [0m[0mjsonRpcNotify: JsonRpcNotificationMessage(2.0, build/logMessage, {"type":1,"message":"    contents = new BorderPanel() {"})[0m
[0m[[0m[0mdebug[0m] [0m[0mjsonRpcNotify: JsonRpcNotificationMessage(2.0, build/logMessage, {"type":1,"message":"    ^"})[0m
[0m[[0m[0mdebug[0m] [0m[0mjsonRpcNotify: JsonRpcNotificationMessage(2.0, build/publishDiagnostics, {"textDocument":{"uri":"file:///C:/Projects/OpenCV-Scala/opencv-scala/src/main/scala/GUIApp.scala.scala"},"buildTarget":{"uri":"file:/C:/Projects/OpenCV-Scala/opencv-scala/#root/Compile"},"diagnostics":[{"range":{"start":{"line":98,"character":4},"end":{"line":98,"character":18}},"severity":1,"source":"sbt","message":"not found: value centerOnScreen","relatedInformation":[]}],"reset":false})[0m
[0m[[0m[31merror[0m] [0m[0mC:\Projects\OpenCV-Scala\opencv-scala\src\main\scala\GUIApp.scala.scala:99:5: not found: value centerOnScreen[0m
[0m[[0m[31merror[0m] [0m[0m    centerOnScreen()[0m
[0m[[0m[31merror[0m] [0m[0m    ^[0m
[0m[[0m[0mdebug[0m] [0m[0mjsonRpcNotify: JsonRpcNotificationMessage(2.0, build/logMessage, {"type":1,"message":"C:\\Projects\\OpenCV-Scala\\opencv-scala\\src\\main\\scala\\GUIApp.scala.scala:99:5: not found: value centerOnScreen"})[0m
[0m[[0m[0mdebug[0m] [0m[0mjsonRpcNotify: JsonRpcNotificationMessage(2.0, build/logMessage, {"type":1,"message":"    centerOnScreen()"})[0m
[0m[[0m[0mdebug[0m] [0m[0mjsonRpcNotify: JsonRpcNotificationMessage(2.0, build/logMessage, {"type":1,"message":"    ^"})[0m
[0m[[0m[0mdebug[0m] [0m[0mjsonRpcNotify: JsonRpcNotificationMessage(2.0, build/publishDiagnostics, {"textDocument":{"uri":"file:///C:/Projects/OpenCV-Scala/opencv-scala/src/main/scala/GUIApp.scala.scala"},"buildTarget":{"uri":"file:/C:/Projects/OpenCV-Scala/opencv-scala/#root/Compile"},"diagnostics":[{"range":{"start":{"line":115,"character":6},"end":{"line":115,"character":12}},"severity":1,"source":"sbt","message":"not found: value Dialog","relatedInformation":[]}],"reset":false})[0m
[0m[[0m[31merror[0m] [0m[0mC:\Projects\OpenCV-Scala\opencv-scala\src\main\scala\GUIApp.scala.scala:116:7: not found: value Dialog[0m
[0m[[0m[31merror[0m] [0m[0m      Dialog.showMessage(null, "Cannot open image file: " + path, top.title, Error)[0m
[0m[[0m[31merror[0m] [0m[0m      ^[0m
[0m[[0m[0mdebug[0m] [0m[0mjsonRpcNotify: JsonRpcNotificationMessage(2.0, build/logMessage, {"type":1,"message":"C:\\Projects\\OpenCV-Scala\\opencv-scala\\src\\main\\scala\\GUIApp.scala.scala:116:7: not found: value Dialog"})[0m
[0m[[0m[0mdebug[0m] [0m[0mjsonRpcNotify: JsonRpcNotificationMessage(2.0, build/logMessage, {"type":1,"message":"      Dialog.showMessage(null, \"Cannot open image file: \" + path, top.title, Error)"})[0m
[0m[[0m[0mdebug[0m] [0m[0mjsonRpcNotify: JsonRpcNotificationMessage(2.0, build/logMessage, {"type":1,"message":"      ^"})[0m
[0m[[0m[0mdebug[0m] [0m[0mjsonRpcNotify: JsonRpcNotificationMessage(2.0, build/publishDiagnostics, {"textDocument":{"uri":"file:///C:/Projects/OpenCV-Scala/opencv-scala/src/main/scala/GUIApp.scala.scala"},"buildTarget":{"uri":"file:/C:/Projects/OpenCV-Scala/opencv-scala/#root/Compile"},"diagnostics":[{"range":{"start":{"line":115,"character":77},"end":{"line":115,"character":82}},"severity":1,"source":"sbt","message":"class java.lang.Error is not a value","relatedInformation":[]}],"reset":false})[0m
[0m[[0m[31merror[0m] [0m[0mC:\Projects\OpenCV-Scala\opencv-scala\src\main\scala\GUIApp.scala.scala:116:78: class java.lang.Error is not a value[0m
[0m[[0m[31merror[0m] [0m[0m      Dialog.showMessage(null, "Cannot open image file: " + path, top.title, Error)[0m
[0m[[0m[31merror[0m] [0m[0m                                                                             ^[0m
[0m[[0m[0mdebug[0m] [0m[0mjsonRpcNotify: JsonRpcNotificationMessage(2.0, build/logMessage, {"type":1,"message":"C:\\Projects\\OpenCV-Scala\\opencv-scala\\src\\main\\scala\\GUIApp.scala.scala:116:78: class java.lang.Error is not a value"})[0m
[0m[[0m[0mdebug[0m] [0m[0mjsonRpcNotify: JsonRpcNotificationMessage(2.0, build/logMessage, {"type":1,"message":"      Dialog.showMessage(null, \"Cannot open image file: \" + path, top.title, Error)"})[0m
[0m[[0m[0mdebug[0m] [0m[0mjsonRpcNotify: JsonRpcNotificationMessage(2.0, build/logMessage, {"type":1,"message":"                                                                             ^"})[0m
[0m[[0m[0mdebug[0m] [0m[0mjsonRpcNotify: JsonRpcNotificationMessage(2.0, build/taskProgress, {"taskId":{"id":"7","parents":[]},"eventTime":1703062979140,"message":"Compiling root (15%)","total":52,"progress":15,"dataKind":"compile-progress","data":{"target":{"uri":"file:/C:/Projects/OpenCV-Scala/opencv-scala/#root/Compile"}}})[0m
[0m[[0m[0mdebug[0m] [0m[0mjsonRpcNotify: JsonRpcNotificationMessage(2.0, build/taskProgress, {"taskId":{"id":"7","parents":[]},"eventTime":1703062979140,"message":"Compiling root (15%)","total":52,"progress":15,"dataKind":"compile-progress","data":{"target":{"uri":"file:/C:/Projects/OpenCV-Scala/opencv-scala/#root/Compile"}}})[0m
[0m[[0m[31merror[0m] [0m[0m31 errors found[0m
[0m[[0m[0mdebug[0m] [0m[0mjsonRpcNotify: JsonRpcNotificationMessage(2.0, build/logMessage, {"type":1,"message":"31 errors found"})[0m
[0m[[0m[0mdebug[0m] [0m[0mjsonRpcNotify: JsonRpcNotificationMessage(2.0, build/publishDiagnostics, {"textDocument":{"uri":"file:///C:/Projects/OpenCV-Scala/opencv-scala/src/main/scala/GUIApp.scala.scala"},"buildTarget":{"uri":"file:/C:/Projects/OpenCV-Scala/opencv-scala/#root/Compile"},"diagnostics":[{"range":{"start":{"line":7,"character":7},"end":{"line":7,"character":22}},"severity":1,"source":"sbt","message":"not found: object opencv_cookbook","relatedInformation":[]},{"range":{"start":{"line":16,"character":7},"end":{"line":16,"character":18}},"severity":1,"source":"sbt","message":"object swing is not a member of package scala","relatedInformation":[]},{"range":{"start":{"line":17,"character":7},"end":{"line":17,"character":18}},"severity":1,"source":"sbt","message":"object swing is not a member of package scala","relatedInformation":[]},{"range":{"start":{"line":18,"character":7},"end":{"line":18,"character":18}},"severity":1,"source":"sbt","message":"object swing is not a member of package scala","relatedInformation":[]},{"range":{"start":{"line":20,"character":32},"end":{"line":20,"character":32}},"severity":1,"source":"sbt","message":"not found: type SimpleSwingApplication","relatedInformation":[]},{"range":{"start":{"line":22,"character":37},"end":{"line":22,"character":48}},"severity":1,"source":"sbt","message":"not found: type FileChooser","relatedInformation":[]},{"range":{"start":{"line":24,"character":11},"end":{"line":24,"character":16}},"severity":1,"source":"sbt","message":"not found: type Frame","relatedInformation":[]},{"range":{"start":{"line":24,"character":23},"end":{"line":24,"character":23}},"severity":1,"source":"sbt","message":"not found: type MainFrame","relatedInformation":[]},{"range":{"start":{"line":25,"character":4},"end":{"line":25,"character":9}},"severity":1,"source":"sbt","message":"not found: value title","relatedInformation":[]},{"range":{"start":{"line":36,"character":34},"end":{"line":36,"character":40}},"severity":1,"source":"sbt","message":"not found: value Action","relatedInformation":[]},{"range":{"start":{"line":37,"character":6},"end":{"line":37,"character":12}},"severity":1,"source":"sbt","message":"not found: value cursor","relatedInformation":[]},{"range":{"start":{"line":42,"character":21},"end":{"line":42,"character":36}},"severity":1,"source":"sbt","message":"not found: value toBufferedImage","relatedInformation":[]},{"range":{"start":{"line":77,"character":29},"end":{"line":77,"character":34}},"severity":1,"source":"sbt","message":"not found: type Label","relatedInformation":[]},{"range":{"start":{"line":54,"character":37},"end":{"line":54,"character":43}},"severity":1,"source":"sbt","message":"not found: value Action","relatedInformation":[]},{"range":{"start":{"line":55,"character":6},"end":{"line":55,"character":12}},"severity":1,"source":"sbt","message":"not found: value cursor","relatedInformation":[]},{"range":{"start":{"line":61,"character":21},"end":{"line":61,"character":36}},"severity":1,"source":"sbt","message":"not found: value toBufferedImage","relatedInformation":[]},{"range":{"start":{"line":64,"character":12},"end":{"line":64,"character":18}},"severity":1,"source":"sbt","message":"not found: value Dialog","relatedInformation":[]},{"range":{"start":{"line":64,"character":57},"end":{"line":64,"character":62}},"severity":1,"source":"sbt","message":"not found: value title","relatedInformation":[]},{"range":{"start":{"line":64,"character":64},"end":{"line":64,"character":69}},"severity":1,"source":"sbt","message":"class java.lang.Error is not a value","relatedInformation":[]},{"range":{"start":{"line":67,"character":8},"end":{"line":67,"character":14}},"severity":1,"source":"sbt","message":"not found: value cursor","relatedInformation":[]},{"range":{"start":{"line":49,"character":8},"end":{"line":49,"character":14}},"severity":1,"source":"sbt","message":"not found: value cursor","relatedInformation":[]},{"range":{"start":{"line":80,"character":35},"end":{"line":80,"character":35}},"severity":1,"source":"sbt","message":"not found: type GridPanel","relatedInformation":[]},{"range":{"start":{"line":81,"character":6},"end":{"line":81,"character":14}},"severity":1,"source":"sbt","message":"not found: value contents","relatedInformation":[]},{"range":{"start":{"line":81,"character":22},"end":{"line":81,"character":28}},"severity":1,"source":"sbt","message":"not found: type Button","relatedInformation":[]},{"range":{"start":{"line":82,"character":6},"end":{"line":82,"character":14}},"severity":1,"source":"sbt","message":"not found: value contents","relatedInformation":[]},{"range":{"start":{"line":82,"character":22},"end":{"line":82,"character":28}},"severity":1,"source":"sbt","message":"not found: type Button","relatedInformation":[]},{"range":{"start":{"line":83,"character":6},"end":{"line":83,"character":10}},"severity":1,"source":"sbt","message":"not found: value vGap","relatedInformation":[]},{"range":{"start":{"line":87,"character":4},"end":{"line":87,"character":12}},"severity":1,"source":"sbt","message":"not found: value contents","relatedInformation":[]},{"range":{"start":{"line":98,"character":4},"end":{"line":98,"character":18}},"severity":1,"source":"sbt","message":"not found: value centerOnScreen","relatedInformation":[]},{"range":{"start":{"line":115,"character":6},"end":{"line":115,"character":12}},"severity":1,"source":"sbt","message":"not found: value Dialog","relatedInformation":[]},{"range":{"start":{"line":115,"character":77},"end":{"line":115,"character":82}},"severity":1,"source":"sbt","message":"class java.lang.Error is not a value","relatedInformation":[]}],"reset":true})[0m
[0m[[0m[0mdebug[0m] [0m[0mjsonRpcNotify: JsonRpcNotificationMessage(2.0, build/publishDiagnostics, {"textDocument":{"uri":"file:///C:/Projects/OpenCV-Scala/opencv-scala/src/main/scala/LoadImage.scala"},"buildTarget":{"uri":"file:/C:/Projects/OpenCV-Scala/opencv-scala/#root/Compile"},"diagnostics":[],"reset":true})[0m
[0m[[0m[0mdebug[0m] [0m[0mjsonRpcNotify: JsonRpcNotificationMessage(2.0, build/taskFinish, {"taskId":{"id":"7","parents":[]},"eventTime":1703062979154,"message":"Compiled root","status":2,"dataKind":"compile-report","data":{"target":{"uri":"file:/C:/Projects/OpenCV-Scala/opencv-scala/#root/Compile"},"errors":31,"warnings":0,"time":1391}})[0m
[0m[[0m[0mdebug[0m] [0m[0munmatched json error for requestId None: {"code":-32603,"message":"(Compile / \u001b[31mcompileIncremental\u001b[0m) Compilation failed"}[0m
[0m[[0m[31merror[0m] [0m[0m(Compile / [31mcompileIncremental[0m) Compilation failed[0m
[0m[[0m[0mdebug[0m] [0m[0mjsonRpcNotify: JsonRpcNotificationMessage(2.0, build/logMessage, {"type":1,"message":"(Compile / \u001b[31mcompileIncremental\u001b[0m) Compilation failed"})[0m
[0m[[0m[31merror[0m] [0m[0mTotal time: 2 s, completed 20-Dec-2023, 2:32:59 PM[0m
[0m[[0m[0mdebug[0m] [0m[0munmatched Done event for requestId None: None[0m
[0m[[0m[0mdebug[0m] [0m[0m> Exec(shell, None, None)[0m
